<?xml version="1.0" encoding="UTF-8"?>
<testsuite xmlns:xsi="http://www.w3.org/2001/XMLSchema-instance" xsi:noNamespaceSchemaLocation="https://maven.apache.org/surefire/maven-surefire-plugin/xsd/surefire-test-report.xsd" name="com.cg.membermanipulation.MemberManipulation.MemberManipulationApplicationTests" time="8.629" tests="6" errors="0" skipped="0" failures="0">
  <properties>
[...]
</properties>
  <testcase name="viewMembersByAddressTest" classname="com.cg.membermanipulation.MemberManipulation.MemberManipulationApplicationTests" time="0.182"/>
  <testcase name="memberTest" classname="com.cg.membermanipulation.MemberManipulation.MemberManipulationApplicationTests" time="0.017"/>
  <testcase name="addMemberTest" classname="com.cg.membermanipulation.MemberManipulation.MemberManipulationApplicationTests" time="0.027"/>
  <testcase name="addressNotValidExceptionTest" classname="com.cg.membermanipulation.MemberManipulation.MemberManipulationApplicationTests" time="0.03"/>
  <testcase name="contextLoads" classname="com.cg.membermanipulation.MemberManipulation.MemberManipulationApplicationTests" time="0.021"/>
  <testcase name="viewAllMembersTest" classname="com.cg.membermanipulation.MemberManipulation.MemberManipulationApplicationTests" time="0.014"/>
</testsuite>